Arguments: 
  C:\Program Files\nodejs\node.exe C:\Program Files (x86)\Yarn\bin\yarn.js add @types/multer @types/crypto

PATH: 
  C:\Program Files\Git\mingw64\bin;C:\Program Files\Git\usr\bin;C:\Users\pc\bin;C:\Program Files\Common Files\Oracle\Java\javapath;C:\Program Files (x86)\Common Files\Oracle\Java\javapath;C:\Program Files (x86)\Intel\iCLS Client;C:\Program Files\Intel\iCLS Client;C:\Windows\system32;C:\Windows;C:\Windows\System32\Wbem;C:\Windows\System32\WindowsPowerShell\v1.0;C:\Program Files (x86)\Intel\Intel(R) Management Engine Components\DAL;C:\Program Files\Intel\Intel(R) Management Engine Components\DAL;C:\Program Files (x86)\Intel\Intel(R) Management Engine Components\IPT;C:\Program Files\Intel\Intel(R) Management Engine Components\IPT;C:\Program Files (x86)\NVIDIA Corporation\PhysX\Common;C:\WINDOWS\system32;C:\WINDOWS;C:\WINDOWS\System32\Wbem;C:\WINDOWS\System32\WindowsPowerShell\v1.0;C:\WINDOWS\System32\OpenSSH;C:\Program Files\NVIDIA Corporation\NVIDIA NvDLISR;C:\Program Files (x86)\Microsoft VS Code\bin;C:\ProgramData\chocolatey\bin;C:\Program Files (x86)\Yarn\bin;C:\Users\pc\Desktop\JGit;C:\Program Files\MongoDB\Server\4.0\bin;C:\Users\pc\Desktop\metamug-win-x64\METAMUG_CONSOLE\bin;C:\Program Files\Java\jdk1.8.0_221\bin;C:\gradle-5.6.2\bin;C:\Program Files\PostgreSQL\11\bin;C:\WINDOWS\system32;C:\WINDOWS;C:\WINDOWS\System32\Wbem;C:\WINDOWS\System32\WindowsPowerShell\v1.0;C:\WINDOWS\System32\OpenSSH;C:\Program Files\PuTTY;C:\Program Files\MySQL\MySQL Server 8.0\bin;C:\Users\pc\AppData\Roaming\nvm;C:\Program Files\nodejs;C:\Users\pc\AppData\Local\Android\Sdk\platform-tools;C:\Program Files\Microsoft\Web Platform Installer;C:\Program Files\dotnet;C:\Program Files\Git\cmd;C:\Program Files\Microsoft SQL Server\Client SDK\ODBC\170\Tools\Binn;C:\Program Files (x86)\Microsoft SQL Server\150\Tools\Binn;C:\Program Files\Microsoft SQL Server\150\Tools\Binn;C:\Program Files\Microsoft SQL Server\150\DTS\Binn;C:\Program Files (x86)\Microsoft SQL Server\150\DTS\Binn;C:\Program Files\Azure Data Studio\bin;C:\Program Files\Docker\Docker\resources\bin;C:\ProgramData\DockerDesktop\version-bin;C:\Program Files\MySQL\MySQL Shell 8.0\bin;C:\Users\pc\AppData\Local\Programs\Python\Python39\Scripts;C:\Users\pc\AppData\Local\Programs\Python\Python39;C:\Program Files\heroku\bin;C:\Users\pc\AppData\Local\Microsoft\WindowsApps;C:\Users\pc\AppData\Roaming\npm;C:\Users\pc\AppData\Local\hyper\app-3.0.2\resources\bin;C:\Users\pc\AppData\Roaming\nvm;C:\Program Files\nodejs;C:\Program Files\JetBrains\webstorm\WebStorm 2020.1.2\bin;C:\Users\pc\AppData\Local\Programs\Microsoft VS Code\bin;C:\Program Files (x86)\GitHub CLI;C:\Users\pc\AppData\Local\Microsoft\WindowsApps;C:\Program Files\apache-maven-3.6.3\bin;C:\Program Files\JetBrains\IntelliJ IDEA 2020.3\bin;C:\Program Files\Azure Data Studio\bin;C:\MinGW\bin

Yarn version: 
  1.13.0

Node version: 
  12.14.1

Platform: 
  win32 x64

Trace: 
  Error: https://registry.yarnpkg.com/@types%2fcrypto: Not found
      at Request.params.callback [as _callback] (C:\Program Files (x86)\Yarn\lib\cli.js:65364:18)
      at Request.self.callback (C:\Program Files (x86)\Yarn\lib\cli.js:129397:22)
      at Request.emit (events.js:223:5)
      at Request.<anonymous> (C:\Program Files (x86)\Yarn\lib\cli.js:130369:10)
      at Request.emit (events.js:223:5)
      at IncomingMessage.<anonymous> (C:\Program Files (x86)\Yarn\lib\cli.js:130291:12)
      at Object.onceWrapper (events.js:312:28)
      at IncomingMessage.emit (events.js:228:7)
      at endReadableNT (_stream_readable.js:1185:12)
      at processTicksAndRejections (internal/process/task_queues.js:81:21)

npm manifest: 
  {
    "name": "node-ts",
    "version": "1.0.0",
    "main": "index.js",
    "scripts": {
      "start": "nodemon -x ts-node src/app.ts",
      "dev": "nodemon -x ts-node src/app.ts",
      "build": "tsc -p ."
    },
    "keywords": [],
    "author": "",
    "license": "ISC",
    "description": "",
    "dependencies": {
      "body-parser": "^1.19.0",
      "cors": "^2.8.5",
      "express": "^4.17.1",
      "express-async-errors": "^3.1.1",
      "helmet": "^4.4.1",
      "jsonwebtoken": "^8.5.1",
      "mongoose": "^5.12.4",
      "morgan": "^1.10.0",
      "multer": "^1.4.2",
      "winston": "^3.3.3"
    },
    "devDependencies": {
      "@types/mongoose": "^5.10.5",
      "@types/express": "^4.17.11",
      "@types/jsonwebtoken": "^8.5.1",
      "@types/multer": "^1.4.5",
      "@types/node": "^14.14.37",
      "@typescript-eslint/eslint-plugin": "^4.21.0",
      "@typescript-eslint/parser": "^4.21.0",
      "eslint": "^7.24.0",
      "eslint-config-prettier": "^7.2.0",
      "eslint-plugin-prettier": "^3.3.1",
      "nodemon": "^2.0.7",
      "prettier": "^2.2.1",
      "typescript": "^4.2.4"
    }
  }

yarn manifest: 
  No manifest

Lockfile: 
  No lockfile
